Thu 07 Sep 2023 07:21:47 PM UTC: 
 tests:  0|6
total_score: 0/70
89dad7a
Thu 07 Sep 2023 07:52:01 PM UTC: 
 hashmap.c | 9 ++++++++-
 1 file changed, 8 insertions(+), 1 deletion(-)
 tests:  1|5
total_score: 10/70
a5f79c9
Thu 07 Sep 2023 07:58:14 PM UTC: 
 hashmap.c | 2 +-
 1 file changed, 1 insertion(+), 1 deletion(-)
 tests:  1|5
total_score: 10/70
df85dfc
Thu 07 Sep 2023 08:01:03 PM UTC: 
 hashmap.c | 1 +
 1 file changed, 1 insertion(+)
In file included from test.c:4:
hashmap.c: In function ‘insertMap’:
hashmap.c:45:7: error: unused variable ‘i’ [-Werror=unused-variable]
   45 |   int i = hash(key, map -> capacity);
      |       ^
cc1: all warnings being treated as errors
Compilation failed
6cc2bd4
Thu 07 Sep 2023 08:04:45 PM UTC: 
 hashmap.c | 2 ++
 1 file changed, 2 insertions(+)
In file included from test.c:4:
hashmap.c: In function ‘insertMap’:
hashmap.c:47:9: error: unused variable ‘current_pair’ [-Werror=unused-variable]
   47 |   Pair *current_pair = map -> buckets[i];
      |         ^~~~~~~~~~~~
cc1: all warnings being treated as errors
Compilation failed
74e36d7
Sat 09 Sep 2023 12:10:32 AM UTC: 
 hashmap.c | 7 ++++++-
 1 file changed, 6 insertions(+), 1 deletion(-)
In file included from test.c:4:
hashmap.c: In function ‘insertMap’:
hashmap.c:47:39: error: ‘i’ undeclared (first use in this function)
   47 |   Pair *current_pair = map -> buckets[i];
      |                                       ^
hashmap.c:47:39: note: each undeclared identifier is reported only once for each function it appears in
hashmap.c:47:9: error: unused variable ‘current_pair’ [-Werror=unused-variable]
   47 |   Pair *current_pair = map -> buckets[i];
      |         ^~~~~~~~~~~~
cc1: all warnings being treated as errors
Compilation failed
4699f12
Sat 09 Sep 2023 12:10:43 AM UTC: 
 hashmap.c | 2 +-
 1 file changed, 1 insertion(+), 1 deletion(-)
In file included from test.c:4:
hashmap.c: In function ‘insertMap’:
hashmap.c:47:9: error: unused variable ‘current_pair’ [-Werror=unused-variable]
   47 |   Pair *current_pair = map -> buckets[posicion];
      |         ^~~~~~~~~~~~
cc1: all warnings being treated as errors
Compilation failed
e41a4af
Sat 09 Sep 2023 12:13:36 AM UTC: 
 hashmap.c | 5 +++++
 1 file changed, 5 insertions(+)
In file included from test.c:4:
hashmap.c: In function ‘insertMap’:
hashmap.c:55:9: error: unused variable ‘new_pair’ [-Werror=unused-variable]
   55 |   Pair* new_pair = createPair(key, value);
      |         ^~~~~~~~
hashmap.c:47:9: error: unused variable ‘current_pair’ [-Werror=unused-variable]
   47 |   Pair *current_pair = map -> buckets[posicion];
      |         ^~~~~~~~~~~~
cc1: all warnings being treated as errors
Compilation failed
5c5169e
Sat 09 Sep 2023 12:14:44 AM UTC: 
 hashmap.c | 2 +-
 1 file changed, 1 insertion(+), 1 deletion(-)
In file included from test.c:4:
hashmap.c: In function ‘insertMap’:
hashmap.c:47:9: error: unused variable ‘current_pair’ [-Werror=unused-variable]
   47 |   Pair *current_pair = map -> buckets[posicion];
      |         ^~~~~~~~~~~~
cc1: all warnings being treated as errors
Compilation failed
ed0d8b4
Sat 09 Sep 2023 12:15:28 AM UTC: 
 hashmap.c | 2 --
 1 file changed, 2 deletions(-)
 tests:  1|5
total_score: 10/70
4483bb9
Sat 09 Sep 2023 12:17:09 AM UTC: 
 hashmap.c | 4 ++++
 1 file changed, 4 insertions(+)
 tests:  1|5
total_score: 10/70
3c39aac
Sat 09 Sep 2023 12:22:12 AM UTC: 
 hashmap.c | 2 +-
 1 file changed, 1 insertion(+), 1 deletion(-)
 tests:  5|4
total_score: 30/70
4fb0e24
Sat 09 Sep 2023 12:30:35 AM UTC: 
 hashmap.c | 8 ++++++++
 1 file changed, 8 insertions(+)
In file included from test.c:4:
hashmap.c: In function ‘searchMap’:
hashmap.c:85:34: error: ‘return’ with no value, in function returning non-void [-Werror=return-type]
   85 |   if(map == NULL || key == NULL) return;
      |                                  ^~~~~~
hashmap.c:84:8: note: declared here
   84 | Pair * searchMap(HashMap * map,  char * key) {
      |        ^~~~~~~~~
hashmap.c:90:55: error: ‘return’ with no value, in function returning non-void [-Werror=return-type]
   90 |     if(is_equal(map -> buckets[posicion]-> key, key)) return;
      |                                                       ^~~~~~
hashmap.c:84:8: note: declared here
   84 | Pair * searchMap(HashMap * map,  char * key) {
      |        ^~~~~~~~~
cc1: all warnings being treated as errors
Compilation failed
6b57ab4
Sat 09 Sep 2023 12:35:06 AM UTC: 
 hashmap.c | 7 +++++--
 1 file changed, 5 insertions(+), 2 deletions(-)
 tests:  8|3
total_score: 40/70
6fa9226
Sat 09 Sep 2023 12:46:54 AM UTC: 
 hashmap.c | 2 ++
 1 file changed, 2 insertions(+)
 tests:  8|3
total_score: 40/70
4c03d68
Sat 09 Sep 2023 12:57:00 AM UTC: 
 hashmap.c | 10 ++++++++++
 1 file changed, 10 insertions(+)
test.c: In function ‘eraseMap’:
test.c:453:5: error: ‘main’ is normally a non-static function [-Werror=main]
  453 | int main( int argc, char *argv[] ) {
      |     ^~~~
test.c:511:1: error: expected declaration or statement at end of input
  511 | }
      | ^
At top level:
test.c:453:5: error: ‘main’ defined but not used [-Werror=unused-function]
  453 | int main( int argc, char *argv[] ) {
      |     ^~~~
test.c:217:5: error: ‘insert_test5’ defined but not used [-Werror=unused-function]
  217 | int insert_test5(){ //factor de carga>0.7, se llama a función enlarge
      |     ^~~~~~~~~~~~
test.c:131:6: error: ‘compare_test’ defined but not used [-Werror=unused-function]
  131 | void compare_test(){
      |      ^~~~~~~~~~~~
test.c:125:6: error: ‘hash_test3’ defined but not used [-Werror=unused-function]
  125 | void hash_test3(){ //no random
      |      ^~~~~~~~~~
test.c:111:6: error: ‘hash_test2’ defined but not used [-Werror=unused-function]
  111 | void hash_test2(){ // colisiones
      |      ^~~~~~~~~~
test.c:100:6: error: ‘hash_test1’ defined but not used [-Werror=unused-function]
  100 | void hash_test1(){ // posición válida
      |      ^~~~~~~~~~
cc1: all warnings being treated as errors
Compilation failed
03279a6
Sat 09 Sep 2023 12:59:04 AM UTC: 
 hashmap.c | 3 ++-
 1 file changed, 2 insertions(+), 1 deletion(-)
test.c: In function ‘eraseMap’:
test.c:453:5: error: ‘main’ is normally a non-static function [-Werror=main]
  453 | int main( int argc, char *argv[] ) {
      |     ^~~~
test.c:511:1: error: expected declaration or statement at end of input
  511 | }
      | ^
At top level:
test.c:453:5: error: ‘main’ defined but not used [-Werror=unused-function]
  453 | int main( int argc, char *argv[] ) {
      |     ^~~~
test.c:217:5: error: ‘insert_test5’ defined but not used [-Werror=unused-function]
  217 | int insert_test5(){ //factor de carga>0.7, se llama a función enlarge
      |     ^~~~~~~~~~~~
test.c:131:6: error: ‘compare_test’ defined but not used [-Werror=unused-function]
  131 | void compare_test(){
      |      ^~~~~~~~~~~~
test.c:125:6: error: ‘hash_test3’ defined but not used [-Werror=unused-function]
  125 | void hash_test3(){ //no random
      |      ^~~~~~~~~~
test.c:111:6: error: ‘hash_test2’ defined but not used [-Werror=unused-function]
  111 | void hash_test2(){ // colisiones
      |      ^~~~~~~~~~
test.c:100:6: error: ‘hash_test1’ defined but not used [-Werror=unused-function]
  100 | void hash_test1(){ // posición válida
      |      ^~~~~~~~~~
cc1: all warnings being treated as errors
Compilation failed
10e4a58
Sat 09 Sep 2023 01:00:06 AM UTC: 
 hashmap.c | 1 +
 1 file changed, 1 insertion(+)
 tests:  8|3
total_score: 40/70
61a19b5
Sat 09 Sep 2023 01:01:32 AM UTC: 
 hashmap.c | 2 ++
 1 file changed, 2 insertions(+)
 tests:  8|3
total_score: 40/70
dada316
Sat 09 Sep 2023 01:02:27 AM UTC: 
 hashmap.c | 2 +-
 1 file changed, 1 insertion(+), 1 deletion(-)
 tests:  11|2
total_score: 50/70
6fd3811
Sat 09 Sep 2023 02:46:30 AM UTC: 
 hashmap.c | 1 +
 1 file changed, 1 insertion(+)
In file included from test.c:4:
hashmap.c: In function ‘firstMap’:
hashmap.c:118:21: error: ‘key’ undeclared (first use in this function); did you mean ‘key_t’?
  118 |   if(map == NULL || key == NULL) return NULL;
      |                     ^~~
      |                     key_t
hashmap.c:118:21: note: each undeclared identifier is reported only once for each function it appears in
Compilation failed
bac5deb
Sat 09 Sep 2023 02:51:16 AM UTC: 
 hashmap.c | 11 ++++++++++-
 1 file changed, 10 insertions(+), 1 deletion(-)
In file included from test.c:4:
hashmap.c: In function ‘firstMap’:
hashmap.c:123:33: error: suggest parentheses around comparison in operand of ‘&’ [-Werror=parentheses]
  123 |     if(map -> buckets[posicion] != NULL & map -> buckets[posicion] -> key != NULL){
      |                                 ^
cc1: all warnings being treated as errors
Compilation failed
a1f266d
Sat 09 Sep 2023 02:54:21 AM UTC: 
 hashmap.c | 15 ++++++++-------
 1 file changed, 8 insertions(+), 7 deletions(-)
 tests:  11|2
total_score: 50/70
34a3d11
Sat 09 Sep 2023 02:54:58 AM UTC: 
 hashmap.c | 2 ++
 1 file changed, 2 insertions(+)
 tests:  11|2
total_score: 50/70
f3d222f
Sat 09 Sep 2023 02:55:57 AM UTC: 
 hashmap.c | 11 +++++++++++
 1 file changed, 11 insertions(+)
 tests:  16|1
total_score: 60/70
10b3739
Sat 09 Sep 2023 03:06:48 AM UTC: 
 hashmap.c | 16 ++++++++++++++++
 1 file changed, 16 insertions(+)
In file included from test.c:4:
hashmap.c: In function ‘enlarge’:
hashmap.c:67:10: error: unused variable ‘old_buckets’ [-Werror=unused-variable]
   67 |   Pair** old_buckets = map -> buckets;
      |          ^~~~~~~~~~~
hashmap.c: At top level:
hashmap.c:80:1: error: expected identifier or ‘(’ before ‘}’ token
   80 | }
      | ^
cc1: all warnings being treated as errors
Compilation failed
ec58e65
Sat 09 Sep 2023 03:08:21 AM UTC: 
 hashmap.c | 7 +++++++
 1 file changed, 7 insertions(+)
In file included from test.c:4:
hashmap.c: In function ‘enlarge’:
hashmap.c:76:3: error: expected ‘,’ or ‘;’ before ‘while’
   76 |   while(posicion < map -> capacity / 2){
      |   ^~~~~
hashmap.c:75:7: error: unused variable ‘posicion’ [-Werror=unused-variable]
   75 |   int posicion = 0
      |       ^~~~~~~~
hashmap.c:67:10: error: unused variable ‘old_buckets’ [-Werror=unused-variable]
   67 |   Pair** old_buckets = map -> buckets;
      |          ^~~~~~~~~~~
hashmap.c: At top level:
hashmap.c:87:1: error: expected identifier or ‘(’ before ‘}’ token
   87 | }
      | ^
cc1: all warnings being treated as errors
Compilation failed
0af4275
Sat 09 Sep 2023 03:08:46 AM UTC: 
 hashmap.c | 2 +-
 1 file changed, 1 insertion(+), 1 deletion(-)
In file included from test.c:4:
hashmap.c: In function ‘enlarge’:
hashmap.c:76:3: error: expected ‘,’ or ‘;’ before ‘while’
   76 |   while(posicion < map -> capacity / 2){
      |   ^~~~~
hashmap.c:75:7: error: unused variable ‘posicion’ [-Werror=unused-variable]
   75 |   int posicion = 0
      |       ^~~~~~~~
hashmap.c:67:10: error: unused variable ‘old_buckets’ [-Werror=unused-variable]
   67 |   Pair** old_buckets = map -> buckets;
      |          ^~~~~~~~~~~
cc1: all warnings being treated as errors
Compilation failed
375a45a
Sat 09 Sep 2023 03:11:57 AM UTC: 
 hashmap.c | 7 +++++--
 1 file changed, 5 insertions(+), 2 deletions(-)
In file included from test.c:4:
hashmap.c: In function ‘enlarge’:
hashmap.c:76:3: error: expected ‘,’ or ‘;’ before ‘while’
   76 |   while(posicion < map -> capacity / 2){
      |   ^~~~~
hashmap.c:75:7: error: unused variable ‘posicion’ [-Werror=unused-variable]
   75 |   int posicion = 0
      |       ^~~~~~~~
hashmap.c:67:10: error: unused variable ‘oldBuckets’ [-Werror=unused-variable]
   67 |   Pair** oldBuckets = map -> buckets;
      |          ^~~~~~~~~~
cc1: all warnings being treated as errors
Compilation failed
fadb27d
Sat 09 Sep 2023 03:12:59 AM UTC: 
 hashmap.c | 13 +++----------
 1 file changed, 3 insertions(+), 10 deletions(-)
In file included from test.c:4:
hashmap.c: In function ‘enlarge’:
hashmap.c:80:31: error: ‘posiciom’ undeclared (first use in this function); did you mean ‘posicion’?
   80 |     insertMap(map, oldBuckets[posiciom] -> key, oldBuckets[posicion] -> value);
      |                               ^~~~~~~~
      |                               posicion
hashmap.c:80:31: note: each undeclared identifier is reported only once for each function it appears in
Compilation failed
caa5740
Sat 09 Sep 2023 03:13:52 AM UTC: 
 hashmap.c | 3 ++-
 1 file changed, 2 insertions(+), 1 deletion(-)
 tests:  17|0
total_score: 70/70
502d71b
